<?xml version="1.0" encoding="UTF-8"?>
<!-- Generated by org.testng.reporters.JUnitXMLReporter -->
<testsuite ignored="0" hostname="LAP-HO-78842" failures="0" tests="5" name="Default test" time="0.129" errors="0" timestamp="2026-07-10T11:05:15 IST">
  <testcase classname="testUsingParameter.paratest" name="logintest" time="0.009"/>
  <testcase classname="testUsingParameter.paratest" name="logintest" time="0.004"/>
  <testcase classname="testUsingParameter.paratest" name="logintest" time="0.004"/>
  <testcase classname="testUsingParameter.paratest" name="logintest" time="0.003"/>
  <testcase classname="testUsingParameter.paratest" name="logintest" time="0.003"/>
</testsuite> <!-- Default test -->
