<?xml version="1.0" encoding="UTF-8"?>
<!-- Generated by org.testng.reporters.JUnitXMLReporter -->
<testsuite ignored="0" hostname="LAP-HO-78842" failures="1" tests="4" name="test1" time="0.014" errors="0" timestamp="2026-07-08T10:58:37 IST">
  <testcase classname="testcase.testcase_1" name="username" time="0.001">
    <failure type="java.lang.AssertionError">
      <![CDATA[java.lang.AssertionError: 
at testcase.testcase_1.username(testcase_1.java:45)
at java.base/java.util.ArrayList.forEach(ArrayList.java:1511)
... Removed 30 stack frames]]>
    </failure>
  </testcase> <!-- username -->
  <testcase classname="testcase.testcase_1" name="login" time="0.001"/>
  <testcase classname="testcase.testcase_1" name="password" time="0.001"/>
  <testcase classname="testcase.testcase_1" name="submit" time="0.001"/>
</testsuite> <!-- test1 -->
