<?xml version="1.0" encoding="UTF-8"?>
<testng-results ignored="0" total="5" passed="5" failed="0" skipped="0">
  <reporter-output>
  </reporter-output>
  <suite started-at="2026-07-10T11:05:14 IST" name="Default suite" finished-at="2026-07-10T11:05:15 IST" duration-ms="129">
    <groups>
    </groups>
    <test started-at="2026-07-10T11:05:14 IST" name="Default test" finished-at="2026-07-10T11:05:15 IST" duration-ms="129">
      <class name="testUsingParameter.paratest">
        <test-method signature="logintest(java.lang.String,java.lang.String)[pri:0, instance:testUsingParameter.paratest@222545dc]" started-at="2026-07-10T11:05:15 IST" name="logintest" data-provider="getdata" finished-at="2026-07-10T11:05:15 IST" duration-ms="9" status="PASS">
          <params>
            <param index="0">
              <value>
                <![CDATA[RDJ]]>
              </value>
            </param>
            <param index="1">
              <value>
                <![CDATA[tony]]>
              </value>
            </param>
          </params>
          <reporter-output>
          </reporter-output>
        </test-method> <!-- logintest -->
        <test-method signature="logintest(java.lang.String,java.lang.String)[pri:0, instance:testUsingParameter.paratest@222545dc]" started-at="2026-07-10T11:05:15 IST" name="logintest" data-provider="getdata" finished-at="2026-07-10T11:05:15 IST" duration-ms="4" status="PASS">
          <params>
            <param index="0">
              <value>
                <![CDATA[Emma Watson]]>
              </value>
            </param>
            <param index="1">
              <value>
                <![CDATA[Bella]]>
              </value>
            </param>
          </params>
          <reporter-output>
          </reporter-output>
        </test-method> <!-- logintest -->
        <test-method signature="logintest(java.lang.String,java.lang.String)[pri:0, instance:testUsingParameter.paratest@222545dc]" started-at="2026-07-10T11:05:15 IST" name="logintest" data-provider="getdata" finished-at="2026-07-10T11:05:15 IST" duration-ms="4" status="PASS">
          <params>
            <param index="0">
              <value>
                <![CDATA[Tom]]>
              </value>
            </param>
            <param index="1">
              <value>
                <![CDATA[*2 :)]]>
              </value>
            </param>
          </params>
          <reporter-output>
          </reporter-output>
        </test-method> <!-- logintest -->
        <test-method signature="logintest(java.lang.String,java.lang.String)[pri:0, instance:testUsingParameter.paratest@222545dc]" started-at="2026-07-10T11:05:15 IST" name="logintest" data-provider="getdata" finished-at="2026-07-10T11:05:15 IST" duration-ms="3" status="PASS">
          <params>
            <param index="0">
              <value is-null="true"/>
            </param>
            <param index="1">
              <value is-null="true"/>
            </param>
          </params>
          <reporter-output>
          </reporter-output>
        </test-method> <!-- logintest -->
        <test-method signature="logintest(java.lang.String,java.lang.String)[pri:0, instance:testUsingParameter.paratest@222545dc]" started-at="2026-07-10T11:05:15 IST" name="logintest" data-provider="getdata" finished-at="2026-07-10T11:05:15 IST" duration-ms="3" status="PASS">
          <params>
            <param index="0">
              <value is-null="true"/>
            </param>
            <param index="1">
              <value is-null="true"/>
            </param>
          </params>
          <reporter-output>
          </reporter-output>
        </test-method> <!-- logintest -->
      </class> <!-- testUsingParameter.paratest -->
    </test> <!-- Default test -->
  </suite> <!-- Default suite -->
</testng-results>
