<?xml version="1.0" encoding="UTF-8"?>
<!-- Generated by org.testng.reporters.JUnitReportReporter -->
<testsuite hostname="LAP-HO-78842" failures="0" tests="5" name="testUsingParameter.paratest" time="0.023" errors="0" timestamp="2026-07-10T11:05:15 IST" skipped="0">
  <testcase classname="testUsingParameter.paratest" name="logintest" time="0.003"/>
  <testcase classname="testUsingParameter.paratest" name="logintest" time="0.004"/>
  <testcase classname="testUsingParameter.paratest" name="logintest" time="0.009"/>
  <testcase classname="testUsingParameter.paratest" name="logintest" time="0.004"/>
  <testcase classname="testUsingParameter.paratest" name="logintest" time="0.003"/>
</testsuite> <!-- testUsingParameter.paratest -->
